2022-03-17 01:03:39: Listening on port 3000
2022-03-17 01:03:53: Listening on port 3000
2022-03-17 01:04:54: Listening on port 3000
2022-03-17 01:05:25: Listening on port 3000
2022-03-17 01:05:28: Listening on port 3000
2022-03-17 01:05:55: Listening on port 3000
2022-03-17 01:07:54: Listening on port 3000
2022-03-17 01:09:32: Listening on port 3000
2022-03-17 01:12:47: Listening on port 3000
2022-03-17 01:13:30: Listening on port 3000
2022-03-17 01:14:00: Listening on port 3000
2022-03-17 01:14:03: Listening on port 3000
2022-03-17 01:15:14: Executing (default): SELECT `user_id`, `user_name`, `user_password`, `user_phone`, `user_wechat`, `user_image_path`, `deleted_at` FROM `user` AS `User` WHERE `User`.`user_name` = 'derolol' AND `User`.`deleted_at` IS NULL LIMIT 1;
2022-03-17 01:24:06: Listening on port 3000
2022-03-17 01:56:00: Listening on port 3000
2022-03-17 02:01:24: Listening on port 3000
2022-03-17 02:07:43: Listening on port 3000
2022-03-17 02:08:13: Listening on port 3000
2022-03-17 02:08:31: Listening on port 3000
2022-03-17 02:15:15: Listening on port 3000
2022-03-17 02:15:36: Listening on port 3000
2022-03-17 02:16:19: Listening on port 3000
2022-03-17 02:16:58: Listening on port 3000
2022-03-17 02:17:05: Listening on port 3000
2022-03-17 02:17:23: Listening on port 3000
2022-03-17 02:17:44: Listening on port 3000
2022-03-17 02:17:49: Listening on port 3000
2022-03-17 02:21:29: Listening on port 3000
2022-03-17 02:21:31: Listening on port 3000
2022-03-17 02:29:38: Executing (default): SELECT `user_id`, `user_name`, `user_password`, `user_phone`, `user_wechat`, `user_image_path`, `deleted_at` FROM `user` AS `User` WHERE `User`.`user_name` = 'derolol' AND `User`.`deleted_at` IS NULL LIMIT 1;
2022-03-17 21:31:02: Listening on port 3000
2022-03-17 21:31:28: Executing (default): SELECT `user_id`, `user_name`, `user_password`, `user_phone`, `user_wechat`, `user_image_path`, `deleted_at` FROM `user` AS `User` WHERE `User`.`user_name` = 'derolol' AND `User`.`deleted_at` IS NULL LIMIT 1;
2022-03-17 22:01:33: Listening on port 3000
2022-03-17 22:02:40: Listening on port 3000
2022-03-17 22:02:55: Listening on port 3000
2022-03-17 22:03:20: Listening on port 3000
2022-03-17 22:03:29: Listening on port 3000
2022-03-17 22:03:39: Listening on port 3000
2022-03-17 22:03:54: Listening on port 3000
2022-03-17 22:04:05: Listening on port 3000
2022-03-17 22:04:17: Listening on port 3000
2022-03-17 22:04:52: Listening on port 3000
2022-03-17 22:05:03: Listening on port 3000
2022-03-17 22:06:08: Listening on port 3000
2022-03-17 22:06:15: Listening on port 3000
2022-03-17 22:07:52: Listening on port 3000
2022-03-17 22:08:38: Listening on port 3000
2022-03-17 22:11:27: Listening on port 3000
2022-03-17 22:12:44: Listening on port 3000
2022-03-17 22:12:46: Listening on port 3000
2022-03-17 22:13:04: Listening on port 3000
2022-03-17 22:13:29: Listening on port 3000
2022-03-17 22:14:51: Listening on port 3000
2022-03-17 22:15:08: Listening on port 3000
2022-03-17 22:28:40: Listening on port 3000
2022-03-17 22:28:53: Listening on port 3000
2022-03-17 22:29:20: Listening on port 3000
2022-03-17 22:33:36: Listening on port 3000
2022-03-17 22:34:00: Listening on port 3000
2022-03-17 22:34:43: Listening on port 3000
2022-03-17 22:34:47: Listening on port 3000
2022-03-17 22:34:48: Executing (default): SELECT `user_id`, `user_name`, `user_password`, `user_phone`, `user_wechat`, `user_image_path`, `deleted_at` FROM `user` AS `User` WHERE `User`.`user_name` = 'derolol' AND `User`.`deleted_at` IS NULL LIMIT 1;
2022-03-17 22:34:59: Executing (d83558f3-d44b-4435-bbc6-88f0944e4e71): START TRANSACTION;
2022-03-17 22:34:59: Executing (d83558f3-d44b-4435-bbc6-88f0944e4e71): SELECT `user_id`, `user_name`, `user_password`, `user_phone`, `user_wechat`, `user_image_path`, `deleted_at` FROM `user` AS `User` WHERE `User`.`user_name` = 'derolol' AND `User`.`deleted_at` IS NULL LIMIT 1;
2022-03-17 22:34:59: Executing (d83558f3-d44b-4435-bbc6-88f0944e4e71): COMMIT;
2022-03-17 22:35:02: Executing (db4a296a-1833-4973-a5fd-f4ebdbf3c4c0): START TRANSACTION;
2022-03-17 22:35:02: Executing (db4a296a-1833-4973-a5fd-f4ebdbf3c4c0): SELECT `user_id`, `user_name`, `user_password`, `user_phone`, `user_wechat`, `user_image_path`, `deleted_at` FROM `user` AS `User` WHERE `User`.`user_name` = 'derolol' AND `User`.`deleted_at` IS NULL LIMIT 1;
2022-03-17 22:35:02: Executing (db4a296a-1833-4973-a5fd-f4ebdbf3c4c0): COMMIT;
2022-03-17 22:35:05: Executing (d969bdcd-9c00-493c-a523-b6c5dcf831aa): START TRANSACTION;
2022-03-17 22:35:05: Executing (d969bdcd-9c00-493c-a523-b6c5dcf831aa): SELECT `user_id`, `user_name`, `user_password`, `user_phone`, `user_wechat`, `user_image_path`, `deleted_at` FROM `user` AS `User` WHERE `User`.`user_name` = 'derolol123' AND `User`.`deleted_at` IS NULL LIMIT 1;
2022-03-17 22:35:05: Executing (d969bdcd-9c00-493c-a523-b6c5dcf831aa): INSERT INTO `user` (`user_id`,`user_name`,`user_password`,`user_phone`,`user_wechat`,`user_image_path`,`deleted_at`) VALUES (DEFAULT,?,?,?,?,?,?);
2022-03-17 22:35:05: Executing (d969bdcd-9c00-493c-a523-b6c5dcf831aa): COMMIT;
2022-03-17 22:35:09: Executing (default): SELECT `user_id`, `user_name`, `user_password`, `user_phone`, `user_wechat`, `user_image_path`, `deleted_at` FROM `user` AS `User` WHERE `User`.`user_name` = 'derolol123' AND `User`.`deleted_at` IS NULL LIMIT 1;
2022-03-17 22:36:20: Listening on port 3000
2022-03-17 22:38:31: Listening on port 3000
2022-03-17 22:38:58: Listening on port 3000
2022-03-17 22:39:25: Executing (default): SELECT `user_id`, `user_name`, `user_password`, `user_phone`, `user_wechat`, `user_image_path`, `deleted_at`, `created_at`, `updated_at` FROM `user` AS `User` WHERE `User`.`user_name` = 'derolol' AND `User`.`deleted_at` IS NULL LIMIT 1;
2022-03-17 22:39:28: Executing (cccf8ba1-9140-4508-a37c-a11db8e65b67): START TRANSACTION;
2022-03-17 22:39:28: Executing (cccf8ba1-9140-4508-a37c-a11db8e65b67): SELECT `user_id`, `user_name`, `user_password`, `user_phone`, `user_wechat`, `user_image_path`, `deleted_at`, `created_at`, `updated_at` FROM `user` AS `User` WHERE `User`.`user_name` = 'derolol' AND `User`.`deleted_at` IS NULL LIMIT 1;
2022-03-17 22:39:28: Executing (cccf8ba1-9140-4508-a37c-a11db8e65b67): INSERT INTO `user` (`user_id`,`user_name`,`user_password`,`user_phone`,`user_wechat`,`user_image_path`,`deleted_at`,`created_at`,`updated_at`) VALUES (DEFAULT,?,?,?,?,?,?,?,?);
2022-03-17 22:39:28: Executing (cccf8ba1-9140-4508-a37c-a11db8e65b67): COMMIT;
2022-03-17 22:39:34: Executing (default): SELECT `user_id`, `user_name`, `user_password`, `user_phone`, `user_wechat`, `user_image_path`, `deleted_at`, `created_at`, `updated_at` FROM `user` AS `User` WHERE `User`.`user_name` = 'derolol' AND `User`.`deleted_at` IS NULL LIMIT 1;
2022-03-17 22:40:06: Executing (default): SELECT `user_id`, `user_name`, `user_password`, `user_phone`, `user_wechat`, `user_image_path`, `deleted_at`, `created_at`, `updated_at` FROM `user` AS `User` WHERE `User`.`user_name` = 'derolol' AND `User`.`deleted_at` IS NULL LIMIT 1;
2022-03-18 01:38:44: Listening on port 3000
2022-03-18 01:45:20: Listening on port 3000
2022-03-18 01:50:30: Executing (default): SELECT `user_id`, `user_name`, `user_password`, `user_phone`, `user_wechat`, `user_image_path`, `deleted_at`, `created_at`, `updated_at` FROM `user` AS `User` WHERE `User`.`user_name` = 'derolol' AND `User`.`deleted_at` IS NULL LIMIT 1;
2022-03-18 01:51:19: Executing (default): SELECT `user_id`, `user_name`, `user_password`, `user_phone`, `user_wechat`, `user_image_path`, `deleted_at`, `created_at`, `updated_at` FROM `user` AS `User` WHERE `User`.`user_name` = 'derolol' AND `User`.`deleted_at` IS NULL LIMIT 1;
2022-03-18 01:53:20: Listening on port 3000
2022-03-18 01:57:28: Listening on port 3000
2022-03-18 02:00:12: Listening on port 3000
2022-03-18 02:00:38: Listening on port 3000
2022-03-18 02:01:19: Listening on port 3000
2022-03-18 02:01:54: Listening on port 3000
2022-03-18 02:02:06: Listening on port 3000
2022-03-18 02:03:40: Listening on port 3000
2022-03-18 02:03:59: Listening on port 3000
2022-03-18 02:04:15: Listening on port 3000
